Version 1.5
Current time is 06/24/2020:14:21:14.04
Installer directory is: "Program Files (x86)\Barnabas Robotics\Barnabas Robotics Software and Drivers"
Installing libraries....
Copying Files For: BarnabasRobotics
11 File(s) copied
Copying Files For: Default
0 File(s) copied
Copying Files For: Default.migrated
0 File(s) copied
Copying Files For: edwardbarnabas
11 File(s) copied
Copying Files For: Victoria
11 File(s) copied
Installing Ardublock folder....
Copying Files For: BarnabasRobotics
2 File(s) copied
Copying Files For: Default
0 File(s) copied
Copying Files For: Default.migrated
0 File(s) copied
Copying Files For: edwardbarnabas
2 File(s) copied
Copying Files For: Victoria
2 File(s) copied
